<?xml version="1.0" encoding="UTF-8"?>
<!-- Generated by org.testng.reporters.JUnitXMLReporter -->
<testsuite ignored="0" hostname="LAPTOP-T25EG9UR" failures="1" tests="2" name="CreateNewAccountTest" time="8.351" errors="0" timestamp="2023-12-29T16:57:08 IST">
  <testcase classname="TestLayer.CreateNewAccountPageTest" name="validateCreateNewUser" time="1.266"/>
  <testcase classname="TestLayer.CreateNewAccountPageTest" name="validateCreateNewUser" time="1.281">
    <failure type="java.lang.NullPointerException" message="Cannot invoke &amp;quot;com.aventstack.extentreports.ExtentTest.log(com.aventstack.extentreports.Status, String)&amp;quot; because &amp;quot;this.extenttest&amp;quot; is null">
      <![CDATA[java.lang.NullPointerException: Cannot invoke "com.aventstack.extentreports.ExtentTest.log(com.aventstack.extentreports.Status, String)" because "this.extenttest" is null
at UtilityLayer.ExtentSetUp.onTestSuccess(ExtentSetUp.java:59)
at java.base/java.util.ArrayList.forEach(ArrayList.java:1511)
... Removed 24 stack frames]]>
    </failure>
  </testcase> <!-- validateCreateNewUser -->
</testsuite> <!-- CreateNewAccountTest -->
