<?xml version="1.0" encoding="UTF-8"?>
<testng-results ignored="0" total="1" passed="1" failed="0" skipped="0">
  <reporter-output>
  </reporter-output>
  <suite started-at="2023-12-28T01:22:49 IST" name="Default suite" finished-at="2023-12-28T01:22:56 IST" duration-ms="7217">
    <groups>
    </groups>
    <test started-at="2023-12-28T01:22:49 IST" name="Default test" finished-at="2023-12-28T01:22:56 IST" duration-ms="7217">
      <class name="TestLayer.CreateNewAccountPageTest">
        <test-method is-config="true" signature="setUp()[pri:0, instance:TestLayer.CreateNewAccountPageTest@7d4f9aae]" started-at="2023-12-28T01:22:49 IST" name="setUp" finished-at="2023-12-28T01:22:54 IST" duration-ms="5740" status="PASS">
          <reporter-output>
          </reporter-output>
        </test-method> <!-- setUp -->
        <test-method signature="validateCreateNewUser()[pri:0, instance:TestLayer.CreateNewAccountPageTest@7d4f9aae]" started-at="2023-12-28T01:22:55 IST" name="validateCreateNewUser" finished-at="2023-12-28T01:22:56 IST" duration-ms="1146" status="PASS">
          <reporter-output>
          </reporter-output>
        </test-method> <!-- validateCreateNewUser -->
        <test-method is-config="true" signature="tearDown()[pri:0, instance:TestLayer.CreateNewAccountPageTest@7d4f9aae]" started-at="2023-12-28T01:22:56 IST" name="tearDown" finished-at="2023-12-28T01:22:56 IST" duration-ms="283" status="PASS">
          <reporter-output>
          </reporter-output>
        </test-method> <!-- tearDown -->
      </class> <!-- TestLayer.CreateNewAccountPageTest -->
    </test> <!-- Default test -->
  </suite> <!-- Default suite -->
</testng-results>
